<?xml version="1.0" encoding="UTF-8"?>
<testng-results skipped="0" failed="0" total="1" passed="1">
  <reporter-output>
  </reporter-output>
  <suite name="Suite" duration-ms="58028" started-at="2018-09-16T14:55:57Z" finished-at="2018-09-16T14:56:55Z">
    <groups>
    </groups>
    <test name="Test" duration-ms="58028" started-at="2018-09-16T14:55:57Z" finished-at="2018-09-16T14:56:55Z">
      <class name="Profiles.ProfilesTest">
        <test-method status="PASS" signature="startBrowser()[pri:0, instance:Profiles.ProfilesTest@51efea79]" name="startBrowser" is-config="true" duration-ms="4512" started-at="2018-09-16T20:25:57Z" finished-at="2018-09-16T20:26:01Z">
          <reporter-output>
          </reporter-output>
        </test-method> <!-- startBrowser -->
        <test-method status="PASS" signature="NaukriUpdate()[pri:0, instance:Profiles.ProfilesTest@51efea79]" name="NaukriUpdate" duration-ms="52568" started-at="2018-09-16T20:26:01Z" finished-at="2018-09-16T20:26:54Z">
          <reporter-output>
          </reporter-output>
        </test-method> <!-- NaukriUpdate -->
        <test-method status="PASS" signature="closeBrowser()[pri:0, instance:Profiles.ProfilesTest@51efea79]" name="closeBrowser" is-config="true" duration-ms="924" started-at="2018-09-16T20:26:54Z" finished-at="2018-09-16T20:26:55Z">
          <reporter-output>
          </reporter-output>
        </test-method> <!-- closeBrowser -->
      </class> <!-- Profiles.ProfilesTest -->
    </test> <!-- Test -->
  </suite> <!-- Suite -->
</testng-results>
